1776386776
1776386778
1776386854
1776386855
1776386855
1776386855
1776386856
1776386856
1776386857
1776386857
1776386857
1776386858
1776386858
1776386859
1776386859
1776386860
1776386860
1776386860
1776386861
1776386861
1776386861
1776386861
1776386862
1776386862
1776386862
1776386862
1776386862
1776386863
1776386863
1776386863
1776386863
1776386863
1776386864
1776386864
1776386864
1776386865
1776386865
1776386865
1776386865
1776386866
1776386866
1776386866
1776386866
1776386866
1776386867
1776386867
1776386867
1776386867
1776386868
1776386868
1776386868
1776386868
1776386868
1776386869
1776386869
1776386869
1776386869
1776386869
1776386870
1776386870
1776386871
1776386871
Thu Apr 16 08:50:33 PM -04 2026
Thu Apr 16 08:50:34 PM -04 2026
Thu Apr 16 08:50:36 PM -04 2026
Thu Apr 16 08:50:38 PM -04 2026
Thu Apr 16 08:50:40 PM -04 2026
Thu Apr 16 08:50:41 PM -04 2026
Thu Apr 16 08:50:43 PM -04 2026
Thu Apr 16 08:50:45 PM -04 2026
Thu Apr 16 08:50:47 PM -04 2026
Thu Apr 16 08:50:49 PM -04 2026
Thu Apr 16 08:50:51 PM -04 2026
Thu Apr 16 08:50:54 PM -04 2026
Thu Apr 16 08:50:56 PM -04 2026
Thu Apr 16 08:50:58 PM -04 2026
Thu Apr 16 08:51:00 PM -04 2026
Thu Apr 16 08:51:02 PM -04 2026
Thu Apr 16 08:51:04 PM -04 2026
Thu Apr 16 08:51:05 PM -04 2026
Thu Apr 16 08:51:06 PM -04 2026
Thu Apr 16 08:51:08 PM -04 2026
Thu Apr 16 08:51:10 PM -04 2026
Thu Apr 16 08:51:12 PM -04 2026
Thu Apr 16 08:51:14 PM -04 2026
Thu Apr 16 08:51:16 PM -04 2026
Thu Apr 16 08:51:19 PM -04 2026
Thu Apr 16 08:51:21 PM -04 2026
Thu Apr 16 08:51:23 PM -04 2026
Thu Apr 16 08:51:25 PM -04 2026
Thu Apr 16 08:51:28 PM -04 2026
Thu Apr 16 08:51:30 PM -04 2026
Thu Apr 16 08:51:32 PM -04 2026
Thu Apr 16 08:51:34 PM -04 2026
Thu Apr 16 08:51:36 PM -04 2026
Thu Apr 16 08:51:38 PM -04 2026
Thu Apr 16 08:51:40 PM -04 2026
Thu Apr 16 08:51:42 PM -04 2026
Thu Apr 16 08:51:44 PM -04 2026
Thu Apr 16 08:51:46 PM -04 2026
Thu Apr 16 08:51:49 PM -04 2026
Thu Apr 16 08:51:51 PM -04 2026
Thu Apr 16 08:51:53 PM -04 2026
Thu Apr 16 08:51:55 PM -04 2026
Thu Apr 16 08:51:57 PM -04 2026
Thu Apr 16 08:51:59 PM -04 2026
Thu Apr 16 08:52:01 PM -04 2026
Thu Apr 16 08:52:04 PM -04 2026
Thu Apr 16 08:52:06 PM -04 2026
Thu Apr 16 08:52:08 PM -04 2026
Thu Apr 16 08:52:10 PM -04 2026
Thu Apr 16 08:52:12 PM -04 2026
Thu Apr 16 08:52:14 PM -04 2026
Thu Apr 16 08:52:16 PM -04 2026
Thu Apr 16 08:52:19 PM -04 2026
Thu Apr 16 08:52:21 PM -04 2026
Thu Apr 16 08:52:23 PM -04 2026
Thu Apr 16 08:52:25 PM -04 2026
Thu Apr 16 08:52:27 PM -04 2026
Thu Apr 16 08:52:29 PM -04 2026
Thu Apr 16 08:52:31 PM -04 2026
Thu Apr 16 08:52:33 PM -04 2026
Thu Apr 16 08:52:35 PM -04 2026
Thu Apr 16 08:52:38 PM -04 2026
Thu Apr 16 08:52:40 PM -04 2026
Thu Apr 16 08:52:42 PM -04 2026
Thu Apr 16 08:52:44 PM -04 2026
Thu Apr 16 08:52:46 PM -04 2026
Thu Apr 16 08:52:49 PM -04 2026
Thu Apr 16 08:52:51 PM -04 2026
Thu Apr 16 08:52:53 PM -04 2026
Thu Apr 16 08:52:55 PM -04 2026
Thu Apr 16 08:52:57 PM -04 2026
Thu Apr 16 08:52:59 PM -04 2026
Thu Apr 16 08:53:01 PM -04 2026
Thu Apr 16 08:53:03 PM -04 2026
Thu Apr 16 08:53:05 PM -04 2026
Thu Apr 16 08:53:08 PM -04 2026
Thu Apr 16 08:53:10 PM -04 2026
Thu Apr 16 08:53:12 PM -04 2026
Thu Apr 16 08:53:14 PM -04 2026
Thu Apr 16 08:53:16 PM -04 2026
Thu Apr 16 08:53:18 PM -04 2026
Thu Apr 16 08:53:20 PM -04 2026
Thu Apr 16 08:53:22 PM -04 2026
Thu Apr 16 08:53:25 PM -04 2026
Thu Apr 16 08:53:27 PM -04 2026
Thu Apr 16 08:53:29 PM -04 2026
Thu Apr 16 08:53:31 PM -04 2026
Thu Apr 16 08:53:33 PM -04 2026
Thu Apr 16 08:53:35 PM -04 2026
Thu Apr 16 08:53:38 PM -04 2026
Thu Apr 16 08:53:40 PM -04 2026
Thu Apr 16 08:53:42 PM -04 2026
Thu Apr 16 08:53:44 PM -04 2026
Thu Apr 16 08:53:46 PM -04 2026
Thu Apr 16 08:53:48 PM -04 2026
Thu Apr 16 08:53:50 PM -04 2026
Thu Apr 16 08:53:52 PM -04 2026
Thu Apr 16 08:53:54 PM -04 2026
Thu Apr 16 08:53:56 PM -04 2026
Thu Apr 16 08:53:59 PM -04 2026
Thu Apr 16 08:54:01 PM -04 2026
Thu Apr 16 08:54:03 PM -04 2026
Thu Apr 16 08:54:05 PM -04 2026
Thu Apr 16 08:54:07 PM -04 2026
Thu Apr 16 08:54:10 PM -04 2026
Thu Apr 16 08:54:12 PM -04 2026
Thu Apr 16 08:54:14 PM -04 2026
Thu Apr 16 08:54:16 PM -04 2026
Thu Apr 16 08:54:18 PM -04 2026
Thu Apr 16 08:54:20 PM -04 2026
Thu Apr 16 08:54:22 PM -04 2026
Thu Apr 16 08:54:24 PM -04 2026
Thu Apr 16 08:54:26 PM -04 2026
Thu Apr 16 08:54:29 PM -04 2026
Thu Apr 16 08:54:31 PM -04 2026
Thu Apr 16 08:54:33 PM -04 2026
Thu Apr 16 08:54:35 PM -04 2026
Thu Apr 16 08:54:37 PM -04 2026
Thu Apr 16 08:54:39 PM -04 2026
Thu Apr 16 08:54:41 PM -04 2026
Thu Apr 16 08:54:43 PM -04 2026
Thu Apr 16 08:54:45 PM -04 2026
Thu Apr 16 08:54:48 PM -04 2026
Thu Apr 16 08:54:50 PM -04 2026
Thu Apr 16 08:54:52 PM -04 2026
Thu Apr 16 08:54:54 PM -04 2026
Thu Apr 16 08:54:56 PM -04 2026
Thu Apr 16 08:54:59 PM -04 2026
Thu Apr 16 08:55:01 PM -04 2026
Thu Apr 16 08:55:03 PM -04 2026
Thu Apr 16 08:55:05 PM -04 2026
Thu Apr 16 08:55:07 PM -04 2026
Thu Apr 16 08:55:09 PM -04 2026
Thu Apr 16 08:55:11 PM -04 2026
Thu Apr 16 08:55:13 PM -04 2026
Thu Apr 16 08:55:15 PM -04 2026
Thu Apr 16 08:55:18 PM -04 2026
Thu Apr 16 08:55:20 PM -04 2026
Thu Apr 16 08:55:22 PM -04 2026
Thu Apr 16 08:55:24 PM -04 2026
Thu Apr 16 08:55:26 PM -04 2026
Thu Apr 16 08:55:29 PM -04 2026
Thu Apr 16 08:55:31 PM -04 2026
Thu Apr 16 08:55:33 PM -04 2026
Thu Apr 16 08:55:35 PM -04 2026
Thu Apr 16 08:55:37 PM -04 2026
Thu Apr 16 08:55:39 PM -04 2026
Thu Apr 16 08:55:41 PM -04 2026
Thu Apr 16 08:55:43 PM -04 2026
Thu Apr 16 08:55:46 PM -04 2026
Thu Apr 16 08:55:48 PM -04 2026
Thu Apr 16 08:55:50 PM -04 2026
Thu Apr 16 08:55:52 PM -04 2026
Thu Apr 16 08:55:54 PM -04 2026
Thu Apr 16 08:55:56 PM -04 2026
Thu Apr 16 08:55:59 PM -04 2026
Thu Apr 16 08:56:01 PM -04 2026
Thu Apr 16 08:56:03 PM -04 2026
Thu Apr 16 08:56:05 PM -04 2026
Thu Apr 16 08:56:07 PM -04 2026
Thu Apr 16 08:56:09 PM -04 2026
Thu Apr 16 08:56:11 PM -04 2026
Thu Apr 16 08:56:13 PM -04 2026
Thu Apr 16 08:56:15 PM -04 2026
Thu Apr 16 08:56:18 PM -04 2026
Thu Apr 16 08:56:20 PM -04 2026
Thu Apr 16 08:56:22 PM -04 2026
Thu Apr 16 08:56:24 PM -04 2026
Thu Apr 16 08:56:26 PM -04 2026
Thu Apr 16 08:56:29 PM -04 2026
Thu Apr 16 08:56:31 PM -04 2026
Thu Apr 16 08:56:33 PM -04 2026
Thu Apr 16 08:56:35 PM -04 2026
Thu Apr 16 08:56:37 PM -04 2026
Thu Apr 16 08:56:39 PM -04 2026
Thu Apr 16 08:56:41 PM -04 2026
Thu Apr 16 08:56:43 PM -04 2026
Thu Apr 16 08:56:45 PM -04 2026
Thu Apr 16 08:56:48 PM -04 2026
Thu Apr 16 08:56:50 PM -04 2026
Thu Apr 16 08:56:52 PM -04 2026
Thu Apr 16 08:56:54 PM -04 2026
Thu Apr 16 08:56:56 PM -04 2026
Thu Apr 16 08:56:59 PM -04 2026
Thu Apr 16 08:57:01 PM -04 2026
Thu Apr 16 08:57:03 PM -04 2026
Thu Apr 16 08:57:05 PM -04 2026
Thu Apr 16 08:57:07 PM -04 2026
Thu Apr 16 08:57:10 PM -04 2026
Thu Apr 16 08:57:12 PM -04 2026
Thu Apr 16 08:57:14 PM -04 2026
Thu Apr 16 08:57:16 PM -04 2026
Thu Apr 16 08:57:18 PM -04 2026
Thu Apr 16 08:57:20 PM -04 2026
Thu Apr 16 08:57:22 PM -04 2026
Thu Apr 16 08:57:24 PM -04 2026
Thu Apr 16 08:57:26 PM -04 2026
Thu Apr 16 08:57:29 PM -04 2026
Thu Apr 16 08:57:31 PM -04 2026
Thu Apr 16 08:57:33 PM -04 2026
Thu Apr 16 08:57:35 PM -04 2026
Thu Apr 16 08:57:37 PM -04 2026
Thu Apr 16 08:57:39 PM -04 2026
Thu Apr 16 08:57:41 PM -04 2026
Thu Apr 16 08:57:43 PM -04 2026
Thu Apr 16 08:57:46 PM -04 2026
Thu Apr 16 08:57:48 PM -04 2026
Thu Apr 16 08:57:50 PM -04 2026
Thu Apr 16 08:57:52 PM -04 2026
Thu Apr 16 08:57:54 PM -04 2026
Thu Apr 16 08:57:56 PM -04 2026
Thu Apr 16 08:57:59 PM -04 2026
Thu Apr 16 08:58:01 PM -04 2026
Thu Apr 16 08:58:03 PM -04 2026
Thu Apr 16 08:58:05 PM -04 2026
Thu Apr 16 08:58:07 PM -04 2026
Thu Apr 16 08:58:09 PM -04 2026
Thu Apr 16 08:58:11 PM -04 2026
Thu Apr 16 08:58:13 PM -04 2026
Thu Apr 16 08:58:15 PM -04 2026
Thu Apr 16 08:58:18 PM -04 2026
Thu Apr 16 08:58:20 PM -04 2026
Thu Apr 16 08:58:22 PM -04 2026
Thu Apr 16 08:58:24 PM -04 2026
Thu Apr 16 08:58:26 PM -04 2026
Thu Apr 16 08:58:29 PM -04 2026
Thu Apr 16 08:58:31 PM -04 2026
Thu Apr 16 08:58:33 PM -04 2026
Thu Apr 16 08:58:35 PM -04 2026
Thu Apr 16 08:58:37 PM -04 2026
Thu Apr 16 08:58:39 PM -04 2026
Thu Apr 16 08:58:41 PM -04 2026
Thu Apr 16 08:58:43 PM -04 2026
Thu Apr 16 08:58:45 PM -04 2026
Thu Apr 16 08:58:48 PM -04 2026
Thu Apr 16 08:58:50 PM -04 2026
Thu Apr 16 08:58:52 PM -04 2026
Thu Apr 16 08:58:54 PM -04 2026
Thu Apr 16 08:58:56 PM -04 2026
Thu Apr 16 08:58:58 PM -04 2026
Thu Apr 16 08:59:00 PM -04 2026
Thu Apr 16 08:59:02 PM -04 2026
Thu Apr 16 08:59:04 PM -04 2026
Thu Apr 16 08:59:06 PM -04 2026
Thu Apr 16 08:59:09 PM -04 2026
Thu Apr 16 08:59:11 PM -04 2026
Thu Apr 16 08:59:13 PM -04 2026
Thu Apr 16 08:59:15 PM -04 2026
Thu Apr 16 08:59:18 PM -04 2026
Thu Apr 16 08:59:20 PM -04 2026
Thu Apr 16 08:59:22 PM -04 2026
Thu Apr 16 08:59:24 PM -04 2026
Thu Apr 16 08:59:26 PM -04 2026
Thu Apr 16 08:59:28 PM -04 2026
Thu Apr 16 08:59:30 PM -04 2026
Thu Apr 16 08:59:32 PM -04 2026
Thu Apr 16 08:59:34 PM -04 2026
Thu Apr 16 08:59:36 PM -04 2026
Thu Apr 16 08:59:39 PM -04 2026
Thu Apr 16 08:59:41 PM -04 2026
Thu Apr 16 08:59:43 PM -04 2026
Thu Apr 16 08:59:45 PM -04 2026
Thu Apr 16 08:59:47 PM -04 2026
Thu Apr 16 08:59:50 PM -04 2026
Thu Apr 16 08:59:52 PM -04 2026
Thu Apr 16 08:59:54 PM -04 2026
Thu Apr 16 08:59:56 PM -04 2026
Thu Apr 16 08:59:58 PM -04 2026
Thu Apr 16 09:00:00 PM -04 2026
Thu Apr 16 09:00:02 PM -04 2026
Thu Apr 16 09:00:04 PM -04 2026
Thu Apr 16 09:00:06 PM -04 2026
Thu Apr 16 09:00:09 PM -04 2026
Thu Apr 16 09:00:11 PM -04 2026
Thu Apr 16 09:00:13 PM -04 2026
Thu Apr 16 09:00:15 PM -04 2026
Thu Apr 16 09:00:17 PM -04 2026
Thu Apr 16 09:00:19 PM -04 2026
Thu Apr 16 09:00:21 PM -04 2026
Thu Apr 16 09:00:23 PM -04 2026
Thu Apr 16 09:00:26 PM -04 2026
Thu Apr 16 09:00:28 PM -04 2026
Thu Apr 16 09:00:30 PM -04 2026
Thu Apr 16 09:00:32 PM -04 2026
Thu Apr 16 09:00:34 PM -04 2026
Thu Apr 16 09:00:36 PM -04 2026
Thu Apr 16 09:00:39 PM -04 2026
Thu Apr 16 09:00:41 PM -04 2026
Thu Apr 16 09:00:43 PM -04 2026
Thu Apr 16 09:00:45 PM -04 2026
Thu Apr 16 09:00:47 PM -04 2026
Thu Apr 16 09:00:49 PM -04 2026
Thu Apr 16 09:00:51 PM -04 2026
Thu Apr 16 09:00:53 PM -04 2026
Thu Apr 16 09:00:55 PM -04 2026
Thu Apr 16 09:00:58 PM -04 2026
Thu Apr 16 09:01:00 PM -04 2026
Thu Apr 16 09:01:02 PM -04 2026
Thu Apr 16 09:01:04 PM -04 2026
Thu Apr 16 09:01:06 PM -04 2026
Thu Apr 16 09:01:09 PM -04 2026
Thu Apr 16 09:01:11 PM -04 2026
Thu Apr 16 09:01:13 PM -04 2026
Thu Apr 16 09:01:15 PM -04 2026
Thu Apr 16 09:01:17 PM -04 2026
Thu Apr 16 09:01:19 PM -04 2026
Thu Apr 16 09:01:21 PM -04 2026
Thu Apr 16 09:01:23 PM -04 2026
Thu Apr 16 09:01:25 PM -04 2026
Thu Apr 16 09:01:28 PM -04 2026
Thu Apr 16 09:01:30 PM -04 2026
Thu Apr 16 09:01:32 PM -04 2026
Thu Apr 16 09:01:34 PM -04 2026
Thu Apr 16 09:01:36 PM -04 2026
Thu Apr 16 09:01:38 PM -04 2026
Thu Apr 16 09:01:40 PM -04 2026
Thu Apr 16 09:01:42 PM -04 2026
Thu Apr 16 09:01:45 PM -04 2026
Thu Apr 16 09:01:47 PM -04 2026
Thu Apr 16 09:01:49 PM -04 2026
Thu Apr 16 09:01:51 PM -04 2026
Thu Apr 16 09:01:53 PM -04 2026
Thu Apr 16 09:01:55 PM -04 2026
Thu Apr 16 09:01:58 PM -04 2026
Thu Apr 16 09:02:00 PM -04 2026
Thu Apr 16 09:02:02 PM -04 2026
Thu Apr 16 09:02:04 PM -04 2026
Thu Apr 16 09:02:06 PM -04 2026
Thu Apr 16 09:02:08 PM -04 2026
Thu Apr 16 09:02:10 PM -04 2026
Thu Apr 16 09:02:12 PM -04 2026
Thu Apr 16 09:02:14 PM -04 2026
Thu Apr 16 09:02:16 PM -04 2026
Thu Apr 16 09:02:19 PM -04 2026
Thu Apr 16 09:02:21 PM -04 2026
Thu Apr 16 09:02:23 PM -04 2026
Thu Apr 16 09:02:25 PM -04 2026
Thu Apr 16 09:02:28 PM -04 2026
Thu Apr 16 09:02:30 PM -04 2026
Thu Apr 16 09:02:32 PM -04 2026
Thu Apr 16 09:02:34 PM -04 2026
Thu Apr 16 09:02:36 PM -04 2026
Thu Apr 16 09:02:38 PM -04 2026
Thu Apr 16 09:02:40 PM -04 2026
Thu Apr 16 09:02:42 PM -04 2026
Thu Apr 16 09:02:44 PM -04 2026
Thu Apr 16 09:02:46 PM -04 2026
Thu Apr 16 09:02:49 PM -04 2026
Thu Apr 16 09:02:51 PM -04 2026
Thu Apr 16 09:02:53 PM -04 2026
Thu Apr 16 09:02:55 PM -04 2026
Thu Apr 16 09:02:57 PM -04 2026
Thu Apr 16 09:02:59 PM -04 2026
Thu Apr 16 09:03:01 PM -04 2026
Thu Apr 16 09:03:03 PM -04 2026
Thu Apr 16 09:03:06 PM -04 2026
Thu Apr 16 09:03:08 PM -04 2026
Thu Apr 16 09:03:10 PM -04 2026
Thu Apr 16 09:03:12 PM -04 2026
Thu Apr 16 09:03:14 PM -04 2026
Thu Apr 16 09:03:16 PM -04 2026
Thu Apr 16 09:03:19 PM -04 2026
Thu Apr 16 09:03:21 PM -04 2026
Thu Apr 16 09:03:23 PM -04 2026
Thu Apr 16 09:03:25 PM -04 2026
Thu Apr 16 09:03:27 PM -04 2026
Thu Apr 16 09:03:29 PM -04 2026
Thu Apr 16 09:03:31 PM -04 2026
Thu Apr 16 09:03:33 PM -04 2026
Thu Apr 16 09:03:35 PM -04 2026
Thu Apr 16 09:03:38 PM -04 2026
Thu Apr 16 09:03:40 PM -04 2026
Thu Apr 16 09:03:42 PM -04 2026
Thu Apr 16 09:03:44 PM -04 2026
Thu Apr 16 09:03:46 PM -04 2026
Thu Apr 16 09:03:49 PM -04 2026
Thu Apr 16 09:03:51 PM -04 2026
Thu Apr 16 09:03:53 PM -04 2026
Thu Apr 16 09:03:55 PM -04 2026
Thu Apr 16 09:03:57 PM -04 2026
Thu Apr 16 09:03:59 PM -04 2026
Thu Apr 16 09:04:01 PM -04 2026
Thu Apr 16 09:04:03 PM -04 2026
Thu Apr 16 09:04:05 PM -04 2026
Thu Apr 16 09:04:08 PM -04 2026
Thu Apr 16 09:04:10 PM -04 2026
Thu Apr 16 09:04:12 PM -04 2026
Thu Apr 16 09:04:14 PM -04 2026
Thu Apr 16 09:04:16 PM -04 2026
Thu Apr 16 09:04:18 PM -04 2026
Thu Apr 16 09:04:20 PM -04 2026
Thu Apr 16 09:04:22 PM -04 2026
Thu Apr 16 09:04:25 PM -04 2026
Thu Apr 16 09:04:27 PM -04 2026
Thu Apr 16 09:04:29 PM -04 2026
Thu Apr 16 09:04:31 PM -04 2026
Thu Apr 16 09:04:33 PM -04 2026
Thu Apr 16 09:04:35 PM -04 2026
Thu Apr 16 09:04:38 PM -04 2026
Thu Apr 16 09:04:40 PM -04 2026
Thu Apr 16 09:04:42 PM -04 2026
Thu Apr 16 09:04:44 PM -04 2026
Thu Apr 16 09:04:46 PM -04 2026
Thu Apr 16 09:04:48 PM -04 2026
Thu Apr 16 09:04:50 PM -04 2026
Thu Apr 16 09:04:52 PM -04 2026
Thu Apr 16 09:04:54 PM -04 2026
Thu Apr 16 09:04:56 PM -04 2026
Thu Apr 16 09:04:59 PM -04 2026
Thu Apr 16 09:05:01 PM -04 2026
Thu Apr 16 09:05:03 PM -04 2026
Thu Apr 16 09:05:05 PM -04 2026
Thu Apr 16 09:05:07 PM -04 2026
Thu Apr 16 09:05:10 PM -04 2026
Thu Apr 16 09:05:12 PM -04 2026
Thu Apr 16 09:05:14 PM -04 2026
Thu Apr 16 09:05:16 PM -04 2026
Thu Apr 16 09:05:18 PM -04 2026
Thu Apr 16 09:05:20 PM -04 2026
Thu Apr 16 09:05:22 PM -04 2026
Thu Apr 16 09:05:24 PM -04 2026
Thu Apr 16 09:05:26 PM -04 2026
Thu Apr 16 09:05:29 PM -04 2026
Thu Apr 16 09:05:31 PM -04 2026
Thu Apr 16 09:05:33 PM -04 2026
Thu Apr 16 09:05:35 PM -04 2026
Thu Apr 16 09:05:37 PM -04 2026
Thu Apr 16 09:05:39 PM -04 2026
Thu Apr 16 09:05:41 PM -04 2026
Thu Apr 16 09:05:43 PM -04 2026
Thu Apr 16 09:05:45 PM -04 2026
Thu Apr 16 09:05:48 PM -04 2026
Thu Apr 16 09:05:50 PM -04 2026
Thu Apr 16 09:05:52 PM -04 2026
Thu Apr 16 09:05:54 PM -04 2026
Thu Apr 16 09:05:56 PM -04 2026
Thu Apr 16 09:05:59 PM -04 2026
Thu Apr 16 09:06:01 PM -04 2026
Thu Apr 16 09:06:03 PM -04 2026
Thu Apr 16 09:06:05 PM -04 2026
Thu Apr 16 09:06:07 PM -04 2026
Thu Apr 16 09:06:09 PM -04 2026
Thu Apr 16 09:06:11 PM -04 2026
Thu Apr 16 09:06:13 PM -04 2026
Thu Apr 16 09:06:15 PM -04 2026
Thu Apr 16 09:06:18 PM -04 2026
Thu Apr 16 09:06:20 PM -04 2026
Thu Apr 16 09:06:22 PM -04 2026
Thu Apr 16 09:06:24 PM -04 2026
Thu Apr 16 09:06:26 PM -04 2026
Thu Apr 16 09:06:29 PM -04 2026
Thu Apr 16 09:06:31 PM -04 2026
Thu Apr 16 09:06:33 PM -04 2026
Thu Apr 16 09:20:30 PM -04 2026
Thu Apr 16 09:20:33 PM -04 2026
Thu Apr 16 09:20:35 PM -04 2026
Thu Apr 16 09:20:37 PM -04 2026
Thu Apr 16 09:20:39 PM -04 2026
Thu Apr 16 09:20:39 PM -04 2026
Thu Apr 16 09:20:54 PM -04 2026
Thu Apr 16 09:20:55 PM -04 2026
Thu Apr 16 09:20:57 PM -04 2026
Thu Apr 16 09:20:59 PM -04 2026
Thu Apr 16 09:21:01 PM -04 2026
Thu Apr 16 09:21:03 PM -04 2026
Thu Apr 16 09:21:05 PM -04 2026
Thu Apr 16 09:21:08 PM -04 2026
Thu Apr 16 09:21:10 PM -04 2026
Thu Apr 16 09:21:12 PM -04 2026
Thu Apr 16 09:21:14 PM -04 2026
Thu Apr 16 09:21:16 PM -04 2026
Thu Apr 16 09:21:18 PM -04 2026
Thu Apr 16 09:21:20 PM -04 2026
Thu Apr 16 09:21:22 PM -04 2026
Thu Apr 16 09:21:24 PM -04 2026
Thu Apr 16 09:21:27 PM -04 2026
Thu Apr 16 09:21:29 PM -04 2026
Thu Apr 16 09:21:31 PM -04 2026
Thu Apr 16 09:21:33 PM -04 2026
Thu Apr 16 09:21:35 PM -04 2026
Thu Apr 16 09:21:37 PM -04 2026
Thu Apr 16 09:21:39 PM -04 2026
Thu Apr 16 09:21:41 PM -04 2026
Thu Apr 16 09:21:43 PM -04 2026
Thu Apr 16 09:21:46 PM -04 2026
Thu Apr 16 09:21:48 PM -04 2026
Thu Apr 16 09:21:50 PM -04 2026
Thu Apr 16 09:21:52 PM -04 2026
Thu Apr 16 09:21:54 PM -04 2026
Thu Apr 16 09:21:55 PM -04 2026
Thu Apr 16 09:21:57 PM -04 2026
Thu Apr 16 09:21:59 PM -04 2026
Thu Apr 16 09:22:01 PM -04 2026
Thu Apr 16 09:22:03 PM -04 2026
Thu Apr 16 09:22:05 PM -04 2026
Thu Apr 16 09:22:08 PM -04 2026
Thu Apr 16 09:22:10 PM -04 2026
Thu Apr 16 09:22:12 PM -04 2026
Thu Apr 16 09:22:14 PM -04 2026
Thu Apr 16 09:22:17 PM -04 2026
Thu Apr 16 09:22:19 PM -04 2026
Thu Apr 16 09:22:21 PM -04 2026
Thu Apr 16 09:22:23 PM -04 2026
Thu Apr 16 09:22:25 PM -04 2026
Thu Apr 16 09:22:27 PM -04 2026
Thu Apr 16 09:22:29 PM -04 2026
Thu Apr 16 09:22:32 PM -04 2026
Thu Apr 16 09:22:34 PM -04 2026
Thu Apr 16 09:22:36 PM -04 2026
Thu Apr 16 09:22:38 PM -04 2026
Thu Apr 16 09:22:40 PM -04 2026
Thu Apr 16 09:22:42 PM -04 2026
Thu Apr 16 09:22:44 PM -04 2026
Thu Apr 16 09:22:47 PM -04 2026
Thu Apr 16 09:22:49 PM -04 2026
Thu Apr 16 09:22:51 PM -04 2026
Thu Apr 16 09:22:53 PM -04 2026
1776388997
1776388998
1776388999
1776388999
1776389000
1776389001
1776389001
1776389002
1776389002
1776389003
1776389004
1776389004
1776389005
1776389006
1776389007
1776389007
1776389009
1776389009
1776389010
1776389011
1776389011
1776389012
1776389013
1776389014
1776389014
1776389015
1776389015
1776389016
1776389017
1776389018
1776389019
1776389020
1776389020
1776389021
1776389021
1776389022
1776389023
1776389024
1776389024
1776389025
1776389025
1776389026
1776389027
1776389027
1776389029
1776389030
1776389030
1776389031
1776389031
1776389032
1776389033
1776389033
1776389034
1776389035
1776389035
1776389036
1776389037
1776389037
1776389038
1776389040
1776389041
1776389042
1776389043
1776389044
1776389045
1776389046
1776389047
1776389048
1776389049
1776389050
1776389051
1776389052
1776389053
1776389054
1776389055
1776389056
1776389057
1776389058
1776389059
1776389060
1776389061
1776389062
1776389063
1776389064
1776389065
1776389066
1776389067
1776389068
1776389069
1776389070
1776389071
1776389072
1776389073
1776389074
1776389075
1776389076
1776389077
1776389078
1776389079
1776389080
1776389082
1776389082
1776389083
1776389084
1776389085
1776389086
1776389087
1776389088
1776389089
1776389090
1776389092
1776389093
1776389093
1776389094
1776389095
1776389096
1776389097
1776389098
1776389100
1776389100
1776389101
1776389103
1776389104
1776389104
1776389105
1776389106
1776389108
1776389108
1776389110
1776389111
1776389112
1776389113
1776389114
1776389115
1776389115
1776389116
1776389118
1776389119
1776389120
1776389121
1776389122
1776389123
1776389124
1776389125
1776389126
1776389127
1776389127
1776389129
1776389130
1776389131
1776389132
1776389133
1776389134
1776389135
1776389136
1776389137
1776389138
1776389139
1776389140
1776389141
1776389142
1776389143
1776389144
1776389145
1776389146
1776389147
1776389148
1776389150
1776389151
1776389152
1776389153
1776389154
1776389155
1776389156
1776389157
1776389157
1776389158
1776389160
1776389161
1776389162
1776389163
1776389164
1776389165
1776389166
1776389167
1776389168
1776389169
1776389170
1776389171
1776389172
1776389173
1776389174
1776389176
1776389176
1776389177
1776389179
1776389180
1776389181
1776389182
1776389183
1776389184
1776389185
1776389186
1776389187
1776389189
1776389190
1776389191
1776389192
1776389193
1776389194
1776389195
1776389196
1776389197
1776389198
1776389199
1776389199
1776389200
1776389200
1776389201
1776389201
1776389202
1776389203
1776389204
1776389205
1776389206
1776389207
1776389208
1776389209
1776389210
1776389211
1776389212
1776389213
1776389214
1776389215
1776389216
1776389217
1776389218
1776389219
1776389220
1776389221
1776389222
1776389223
1776389224
1776389225
1776389226
1776389227
1776389228
1776389229
1776389230
1776389231
1776389232
1776389233
1776389234
1776389235
1776389236
1776389237
1776389238
1776389240
1776389240
1776389241
1776389242
1776389244
1776389244
1776389245
1776389246
1776389247
1776389249
1776389250
1776389251
1776389252
1776389253
1776389254
1776389255
1776389256
1776389257
1776389257
1776389258
1776389260
1776389261
1776389262
1776389263
1776389264
1776389265
1776389266
1776389267
1776389268
1776389268
1776389270
1776389271
1776389272
1776389273
1776389274
1776389275
1776389276
1776389277
1776389278
1776389279
1776389280
1776389281
1776389282
1776389283
1776389284
1776389285
1776389286
1776389287
1776389288
1776389289
1776389290
1776389291
1776389292
1776389293
1776389294
1776389295
1776389296
1776389297
1776389298
1776389299
1776389300
1776389301
1776389302
1776389303
1776389305
1776389305
1776389307
1776389308
1776389309
1776389310
1776389311
1776389312
1776389313
1776389314
1776389315
1776389316
1776389317
1776389318
1776389319
1776389320
1776389321
1776389322
1776389323
1776389324
1776389325
1776389326
1776389327
1776389328
1776389329
1776389330
1776389331
1776389332
1776389333
1776389334
1776389335
1776389336
1776389337
1776389338
1776389339
1776389340
1776389341
1776389342
1776389343
1776389344
1776389345
1776389346
1776389347
1776389348
1776389350
1776389351
1776389352
1776389353
1776389354
1776389355
1776389355
1776389356
1776389357
1776389359
1776389360
1776389361
1776389362
1776389363
1776389364
1776389365
1776389366
1776389367
1776389368
1776389369
1776389370
1776389371
1776389372
1776389373
1776389374
1776389375
1776389376
1776389377
1776389378
1776389379
1776389380
1776389381
1776389382
1776389383
1776389384
1776389385
1776389386
1776389387
1776389388
1776389390
1776389391
1776389392
1776389392
1776389393
1776389395
1776389396
1776389396
1776389397
1776389398
1776389400
1776389401
1776389402
1776389403
1776389404
1776389405
1776389406
1776389407
1776389408
1776389408
1776389410
1776389411
1776389412
1776389413
1776389414
1776389415
1776389416
1776389417
1776389418
1776389419
1776389420
1776389421
1776389422
1776389423
1776389424
1776389425
1776389426
1776389427
1776389428
1776389429
1776389430
1776389431
1776389432
1776389433
1776389434
1776389435
1776389436
1776389437
1776389438
1776389439
1776389440
1776389441
1776389442
1776389443
1776389444
1776389445
1776389446
1776389447
1776389448
1776389449
1776389450
1776389451
1776389452
1776389453
1776389454
1776389455
1776389456
1776389457
1776389458
1776389459
1776389460
1776389461
1776389463
1776389464
1776389465
1776389466
1776389467
1776389468
1776389469
1776389470
1776389471
1776389472
1776389473
1776389474
1776389475
1776389476
1776389477
1776389478
1776389479
1776389480
1776389481
1776389482
1776389483
1776389484
1776389485
1776389486
1776389487
1776389488
1776389490
1776389491
1776389492
1776389493
1776389495
1776389495
1776389496
1776389497
1776389498
1776389500
1776389501
1776389502
1776389503
1776389504
1776389506
1776389507
1776389508
1776389509
1776389511
1776389512
1776389513
1776389514
1776389515
1776389516
1776389517
1776389518
1776389519
1776389521
1776389521
1776389522
1776389523
1776389524
1776389525
1776389526
1776389527
1776389528
1776389530
1776389531
1776389532
1776389533
1776389534
1776389535
1776389536
1776389537
1776389538
1776389539
1776389540
1776389541
1776389542
1776389543
1776389544
1776389545
1776389546
1776389547
1776389548
1776389549
1776389550
1776389551
1776389552
1776389553
1776389554
1776389555
1776389556
1776389557
1776389558
1776389559
1776389560
1776389561
1776389562
1776389563
1776389564
1776389565
1776389566
1776389567
1776389568
1776389570
1776389570
1776389571
1776389573
1776389574
1776389574
1776389575
1776389576
1776389577
1776389578
1776389580
1776389581
1776389581
1776389582
1776389584
1776389585
1776389585
1776389586
1776389587
1776389589
1776389590
1776389591
1776389592
1776389593
1776389594
1776389595
1776389596
1776389596
1776389597
1776389599
1776389600
1776389601
1776389602
1776389603
1776389604
1776389605
1776389606
1776389607
1776389608
1776389608
1776389610
1776389611
1776389612
1776389613
1776389614
1776389615
1776389616
1776389617
1776389618
1776389619
1776389620
1776389621
1776389622
1776389623
1776389624
1776389625
1776389626
1776389627
1776389628
1776389629
1776389630
1776389631
1776389632
1776389633
1776389634
1776389635
1776389636
1776389637
1776389638
1776389639
1776389640
1776389641
1776389642
1776389643
1776389644
1776389645
1776389646
1776389647
1776389648
1776389649
1776389650
1776389651
1776389652
1776389653
1776389654
1776389655
1776389656
1776389657
1776389658
1776389659
1776389660
1776389661
1776389662
1776389663
1776389664
1776389665
1776389666
1776389667
1776389668
1776389669
1776389670
1776389671
1776389672
1776389673
1776389674
1776389675
1776389676
1776389677
1776389678
1776389679
1776389680
1776389681
1776389682
1776389683
1776389684
1776389685
1776389686
1776389687
1776389688
1776389690
1776389690
1776389691
1776389693
1776389693
1776389694
1776389695
1776389696
1776389697
1776389698
1776389700
1776389701
1776389701
1776389703
1776389704
1776389705
1776389705
1776389706
1776389707
1776389708
1776389710
1776389711
1776389712
1776389713
1776389714
1776389715
1776389716
1776389717
1776389718
1776389719
1776389720
1776389721
1776389722
1776389723
1776389724
1776389726
1776389726
1776389727
1776389728
1776389730
1776389731
1776389732
1776389732
1776389733
1776389735
1776389736
1776389737
1776389737
1776389738
1776389740
1776389741
1776389742
1776389743
1776389744
1776389745
1776389746
1776389747
1776389747
1776389748
1776389748
1776389748
1776389749
1776389750
1776389750
1776389751
1776389751
1776389752
1776389752
1776389753
1776389753
1776389754
1776389754
1776389755
1776389755
1776389756
1776389756
1776389757
1776389758
1776389759
1776389760
1776389761
1776389762
1776389763
1776389764
1776389765
1776389766
1776389767
1776389769
1776389770
1776389771
1776389772
1776389773
1776389774
1776389775
1776389776
1776389777
1776389778
1776389779
1776389780
1776389781
1776389782
1776389783
1776389784
1776389785
1776389786
1776389787
1776389789
1776389790
1776389791
1776389791
1776389792
1776389794
1776389795
1776389796
1776389797
1776389798
1776389799
1776389800
1776389801
1776389802
1776389803
1776389804
1776389805
1776389806
1776389807
1776389809
1776389810
1776389811
1776389812
1776389813
1776389814
1776389815
1776389816
1776389817
1776389818
1776389819
1776389820
1776389821
1776389822
1776389823
1776389824
1776389825
1776389826
1776389827
1776389829
1776389830
1776389831
1776389832
1776389833
1776389833
1776389834
1776389836
1776389837
1776389837
1776389839
1776389840
1776389841
1776389842
1776389843
1776389844
1776389845
1776389846
1776389847
1776389848
1776389849
1776389850
1776389852
1776389852
1776389853
1776389854
1776389855
1776389856
1776389857
1776389859
1776389860
1776389861
1776389862
1776389863
1776389864
1776389865
1776389866
1776389867
1776389868
1776389869
1776389870
1776389871
1776389872
1776389873
1776389874
1776389875
1776389876
1776389877
1776389879
1776389880
1776389881
1776389881
1776389883
1776389884
1776389885
1776389885
1776389886
1776389888
1776389889
1776389890
1776389891
1776389892
1776389893
1776389894
1776389895
1776389896
1776389897
1776389898
1776389900
1776389900
1776389901
1776389902
1776389904
1776389904
1776389905
1776389906
1776389907
1776389909
1776389910
1776389911
1776389912
1776389913
1776389914
1776389915
1776389916
1776389917
1776389918
1776389919
1776389920
1776389921
1776389922
1776389923
1776389924
1776389925
1776389926
1776389927
1776389928
1776389930
1776389931
1776389932
1776389933
1776389933
1776389935
1776389936
1776389937
1776389937
1776389939
1776389940
1776389941
1776389942
1776389943
1776389944
1776389945
1776389946
1776389947
1776389948
1776389949
1776389951
1776389952
1776389952
1776389953
1776389954
1776389956
1776389956
1776389957
1776389959
1776389960
1776389961
1776389962
1776389963
1776389964
1776389965
1776389966
1776389967
1776389968
1776389969
1776389970
1776389971
1776389972
1776389973
1776389974
1776389975
1776389976
1776389977
1776389978
1776389980
1776389981
1776389982
1776389983
1776389984
1776389985
1776389985
1776389987
1776389988
1776389989
1776389990
1776389991
1776389992
1776389993
1776389994
1776389995
1776389996
1776389997
1776389998
1776389999
1776390000
1776390001
1776390003
1776390004
1776390004
1776390005
1776390006
1776390007
1776390009
1776390010
1776390011
1776390012
1776390013
1776390014
1776390015
1776390016
1776390017
1776390018
1776390019
1776390020
1776390021
1776390022
1776390023
1776390024
1776390025
1776390026
1776390027
1776390029
1776390030
1776390031
1776390032
1776390033
1776390034
1776390035
1776390036
1776390037
1776390038
1776390039
1776390040
1776390041
1776390042
1776390043
1776390044
1776390045
1776390046
1776390047
1776390048
1776390050
1776390051
1776390052
1776390053
1776390054
1776390055
1776390056
1776390057
1776390058
1776390059
1776390060
1776390061
1776390062
1776390063
1776390064
1776390065
1776390066
1776390067
1776390069
1776390070
Thu Apr 16 09:41:31 PM -04 2026
Thu Apr 16 09:41:31 PM -04 2026
Thu Apr 16 09:41:33 PM -04 2026
Thu Apr 16 09:41:35 PM -04 2026
Thu Apr 16 09:41:36 PM -04 2026
Thu Apr 16 09:41:38 PM -04 2026
Thu Apr 16 09:41:39 PM -04 2026
Thu Apr 16 09:41:41 PM -04 2026
Thu Apr 16 09:41:42 PM -04 2026
Thu Apr 16 09:41:44 PM -04 2026
Thu Apr 16 09:41:46 PM -04 2026
Thu Apr 16 09:41:47 PM -04 2026
Thu Apr 16 09:41:49 PM -04 2026
Thu Apr 16 09:41:50 PM -04 2026
Thu Apr 16 09:41:52 PM -04 2026
Thu Apr 16 09:41:54 PM -04 2026
Thu Apr 16 09:41:55 PM -04 2026
Thu Apr 16 09:41:57 PM -04 2026
Thu Apr 16 09:41:58 PM -04 2026
Thu Apr 16 09:42:00 PM -04 2026
Thu Apr 16 09:42:01 PM -04 2026
Thu Apr 16 09:42:03 PM -04 2026
Thu Apr 16 09:42:05 PM -04 2026
Thu Apr 16 09:42:06 PM -04 2026
Thu Apr 16 09:42:08 PM -04 2026
Thu Apr 16 09:42:09 PM -04 2026
Thu Apr 16 09:42:11 PM -04 2026
Thu Apr 16 09:42:13 PM -04 2026
Thu Apr 16 09:42:14 PM -04 2026
Thu Apr 16 09:42:16 PM -04 2026
Thu Apr 16 09:42:17 PM -04 2026
Thu Apr 16 09:42:19 PM -04 2026
Thu Apr 16 09:42:20 PM -04 2026
Thu Apr 16 09:42:22 PM -04 2026
Thu Apr 16 09:42:24 PM -04 2026
Thu Apr 16 09:42:25 PM -04 2026
Thu Apr 16 09:42:27 PM -04 2026
Thu Apr 16 09:42:28 PM -04 2026
Thu Apr 16 09:42:30 PM -04 2026
Thu Apr 16 09:42:31 PM -04 2026
Thu Apr 16 09:42:33 PM -04 2026
Thu Apr 16 09:42:35 PM -04 2026
Thu Apr 16 09:42:36 PM -04 2026
Thu Apr 16 09:42:38 PM -04 2026
Thu Apr 16 09:42:39 PM -04 2026
Thu Apr 16 09:42:41 PM -04 2026
Thu Apr 16 09:42:43 PM -04 2026
Thu Apr 16 09:42:44 PM -04 2026
Thu Apr 16 09:42:46 PM -04 2026
Thu Apr 16 09:42:47 PM -04 2026
Thu Apr 16 09:42:49 PM -04 2026
Thu Apr 16 09:42:50 PM -04 2026
Thu Apr 16 09:42:52 PM -04 2026
Thu Apr 16 09:42:54 PM -04 2026
Thu Apr 16 09:42:55 PM -04 2026
Thu Apr 16 09:42:57 PM -04 2026
Thu Apr 16 09:42:58 PM -04 2026
Thu Apr 16 09:43:00 PM -04 2026
Thu Apr 16 09:43:01 PM -04 2026
Thu Apr 16 09:43:03 PM -04 2026
Thu Apr 16 09:43:05 PM -04 2026
Thu Apr 16 09:43:06 PM -04 2026
Thu Apr 16 09:43:08 PM -04 2026
Thu Apr 16 09:43:09 PM -04 2026
Thu Apr 16 09:43:11 PM -04 2026
Thu Apr 16 09:43:13 PM -04 2026
Thu Apr 16 09:43:14 PM -04 2026
Thu Apr 16 09:43:16 PM -04 2026
Thu Apr 16 09:43:18 PM -04 2026
Thu Apr 16 09:43:19 PM -04 2026
Thu Apr 16 09:43:21 PM -04 2026
Thu Apr 16 09:43:22 PM -04 2026
Thu Apr 16 09:43:24 PM -04 2026
Thu Apr 16 09:43:26 PM -04 2026
Thu Apr 16 09:43:27 PM -04 2026
Thu Apr 16 09:43:29 PM -04 2026
Thu Apr 16 09:43:30 PM -04 2026
Thu Apr 16 09:43:32 PM -04 2026
Thu Apr 16 09:43:34 PM -04 2026
Thu Apr 16 09:43:35 PM -04 2026
Thu Apr 16 09:43:37 PM -04 2026
Thu Apr 16 09:43:38 PM -04 2026
Thu Apr 16 09:43:40 PM -04 2026
Thu Apr 16 09:43:41 PM -04 2026
Thu Apr 16 09:43:43 PM -04 2026
Thu Apr 16 09:43:45 PM -04 2026
Thu Apr 16 09:43:46 PM -04 2026
Thu Apr 16 09:43:48 PM -04 2026
Thu Apr 16 09:43:49 PM -04 2026
Thu Apr 16 09:43:51 PM -04 2026
Thu Apr 16 09:43:52 PM -04 2026
Thu Apr 16 09:43:54 PM -04 2026
Thu Apr 16 09:43:56 PM -04 2026
Thu Apr 16 09:43:57 PM -04 2026
Thu Apr 16 09:43:59 PM -04 2026
Thu Apr 16 09:44:00 PM -04 2026
Thu Apr 16 09:44:02 PM -04 2026
Thu Apr 16 09:44:04 PM -04 2026
Thu Apr 16 09:44:05 PM -04 2026
Thu Apr 16 09:44:07 PM -04 2026
Thu Apr 16 09:44:08 PM -04 2026
Thu Apr 16 09:44:10 PM -04 2026
Thu Apr 16 09:44:11 PM -04 2026
Thu Apr 16 09:44:13 PM -04 2026
Thu Apr 16 09:44:15 PM -04 2026
Thu Apr 16 09:44:16 PM -04 2026
Thu Apr 16 09:44:18 PM -04 2026
Thu Apr 16 09:44:19 PM -04 2026
Thu Apr 16 09:44:21 PM -04 2026
Thu Apr 16 09:44:23 PM -04 2026
Thu Apr 16 09:44:24 PM -04 2026
Thu Apr 16 09:44:26 PM -04 2026
Thu Apr 16 09:44:27 PM -04 2026
Thu Apr 16 09:44:29 PM -04 2026
Thu Apr 16 09:44:31 PM -04 2026
Thu Apr 16 09:44:32 PM -04 2026
Thu Apr 16 09:44:34 PM -04 2026
Thu Apr 16 09:44:35 PM -04 2026
Thu Apr 16 09:44:37 PM -04 2026
Thu Apr 16 09:44:38 PM -04 2026
Thu Apr 16 09:44:40 PM -04 2026
Thu Apr 16 09:44:42 PM -04 2026
Thu Apr 16 09:44:43 PM -04 2026
Thu Apr 16 09:44:45 PM -04 2026
Thu Apr 16 09:44:46 PM -04 2026
Thu Apr 16 09:44:48 PM -04 2026
Thu Apr 16 09:44:50 PM -04 2026
Thu Apr 16 09:44:51 PM -04 2026
Thu Apr 16 09:44:53 PM -04 2026
Thu Apr 16 09:44:54 PM -04 2026
Thu Apr 16 09:44:56 PM -04 2026
Thu Apr 16 09:44:58 PM -04 2026
Thu Apr 16 09:44:59 PM -04 2026
Thu Apr 16 09:45:01 PM -04 2026
Thu Apr 16 09:45:02 PM -04 2026
Thu Apr 16 09:45:04 PM -04 2026
Thu Apr 16 09:45:05 PM -04 2026
Thu Apr 16 09:45:07 PM -04 2026
Thu Apr 16 09:45:09 PM -04 2026
Thu Apr 16 09:45:10 PM -04 2026
Thu Apr 16 09:45:12 PM -04 2026
Thu Apr 16 09:45:13 PM -04 2026
Thu Apr 16 09:45:15 PM -04 2026
Thu Apr 16 09:45:17 PM -04 2026
Thu Apr 16 09:45:18 PM -04 2026
Thu Apr 16 09:45:20 PM -04 2026
Thu Apr 16 09:45:21 PM -04 2026
Thu Apr 16 09:45:23 PM -04 2026
Thu Apr 16 09:45:24 PM -04 2026
Thu Apr 16 09:45:26 PM -04 2026
Thu Apr 16 09:45:28 PM -04 2026
Thu Apr 16 09:45:29 PM -04 2026
Thu Apr 16 09:45:31 PM -04 2026
Thu Apr 16 09:45:32 PM -04 2026
Thu Apr 16 09:45:34 PM -04 2026
Thu Apr 16 09:45:36 PM -04 2026
Thu Apr 16 09:45:37 PM -04 2026
Thu Apr 16 09:45:39 PM -04 2026
Thu Apr 16 09:45:41 PM -04 2026
Thu Apr 16 09:45:42 PM -04 2026
Thu Apr 16 09:45:44 PM -04 2026
Thu Apr 16 09:45:46 PM -04 2026
Thu Apr 16 09:45:47 PM -04 2026
Thu Apr 16 09:45:49 PM -04 2026
Thu Apr 16 09:45:50 PM -04 2026
Thu Apr 16 09:45:52 PM -04 2026
Thu Apr 16 09:45:54 PM -04 2026
Thu Apr 16 09:45:56 PM -04 2026
Thu Apr 16 09:45:58 PM -04 2026
Thu Apr 16 09:45:59 PM -04 2026
Thu Apr 16 09:46:01 PM -04 2026
Thu Apr 16 09:46:02 PM -04 2026
Thu Apr 16 09:46:04 PM -04 2026
Thu Apr 16 09:46:06 PM -04 2026
Thu Apr 16 09:46:07 PM -04 2026
Thu Apr 16 09:46:09 PM -04 2026
Thu Apr 16 09:46:10 PM -04 2026
Thu Apr 16 09:46:12 PM -04 2026
Thu Apr 16 09:46:14 PM -04 2026
Thu Apr 16 09:46:15 PM -04 2026
Thu Apr 16 09:46:17 PM -04 2026
Thu Apr 16 09:46:18 PM -04 2026
Thu Apr 16 09:46:20 PM -04 2026
Thu Apr 16 09:46:21 PM -04 2026
Thu Apr 16 09:46:23 PM -04 2026
Thu Apr 16 09:46:25 PM -04 2026
Thu Apr 16 09:46:27 PM -04 2026
Thu Apr 16 09:46:28 PM -04 2026
Thu Apr 16 09:46:30 PM -04 2026
Thu Apr 16 09:46:32 PM -04 2026
Thu Apr 16 09:46:33 PM -04 2026
Thu Apr 16 09:46:35 PM -04 2026
Thu Apr 16 09:46:36 PM -04 2026
Thu Apr 16 09:46:38 PM -04 2026
Thu Apr 16 09:46:40 PM -04 2026
Thu Apr 16 09:46:41 PM -04 2026
Thu Apr 16 09:46:43 PM -04 2026
Thu Apr 16 09:46:45 PM -04 2026
Thu Apr 16 09:46:46 PM -04 2026
Thu Apr 16 09:46:48 PM -04 2026
Thu Apr 16 09:46:49 PM -04 2026
Thu Apr 16 09:46:51 PM -04 2026
Thu Apr 16 09:46:52 PM -04 2026
Thu Apr 16 09:46:54 PM -04 2026
Thu Apr 16 09:46:56 PM -04 2026
Thu Apr 16 09:46:57 PM -04 2026
Thu Apr 16 09:46:59 PM -04 2026
Thu Apr 16 09:47:00 PM -04 2026
Thu Apr 16 09:47:02 PM -04 2026
Thu Apr 16 09:47:04 PM -04 2026
Thu Apr 16 09:47:05 PM -04 2026
Thu Apr 16 09:47:07 PM -04 2026
Thu Apr 16 09:47:08 PM -04 2026
Thu Apr 16 09:47:10 PM -04 2026
Thu Apr 16 09:47:11 PM -04 2026
Thu Apr 16 09:47:14 PM -04 2026
Thu Apr 16 09:47:15 PM -04 2026
Thu Apr 16 09:47:17 PM -04 2026
Thu Apr 16 09:47:18 PM -04 2026
Thu Apr 16 09:47:20 PM -04 2026
Thu Apr 16 09:47:22 PM -04 2026
Thu Apr 16 09:47:23 PM -04 2026
Thu Apr 16 09:47:25 PM -04 2026
Thu Apr 16 09:47:26 PM -04 2026
Thu Apr 16 09:47:28 PM -04 2026
Thu Apr 16 09:47:30 PM -04 2026
Thu Apr 16 09:47:31 PM -04 2026
Thu Apr 16 09:47:33 PM -04 2026
Thu Apr 16 09:47:35 PM -04 2026
Thu Apr 16 09:47:36 PM -04 2026
Thu Apr 16 09:47:38 PM -04 2026
Thu Apr 16 09:47:39 PM -04 2026
Thu Apr 16 09:47:41 PM -04 2026
Thu Apr 16 09:47:42 PM -04 2026
Thu Apr 16 09:47:44 PM -04 2026
Thu Apr 16 09:47:46 PM -04 2026
Thu Apr 16 09:47:47 PM -04 2026
Thu Apr 16 09:47:49 PM -04 2026
Thu Apr 16 09:47:50 PM -04 2026
Thu Apr 16 09:47:52 PM -04 2026
Thu Apr 16 09:47:54 PM -04 2026
Thu Apr 16 09:47:55 PM -04 2026
